Using pre-set license
Built from '2020.3/release' branch; Version is '2020.3.27f1 (e759542391ea) revision 15161684'; Using compiler version '192528614'; Build Type 'Release'
OS: 'Windows 10  (10.0.19044) 64bit CoreSingleLanguage' Language: 'pt' Physical Memory: 8089 MB
BatchMode: 1, IsHumanControllingUs: 0, StartBugReporterOnCrash: 0, Is64bit: 1, IsPro: 0

COMMAND LINE ARGUMENTS:
C:\Program Files\Unity\Hub\Editor\2020.3.27f1\Editor\Unity.exe
-adb2
-batchMode
-noUpm
-name
AssetImportWorker0
-projectPath
C:/Users/Igor/Documents/GitHub/3D-Udemy-Unity-Course/Udemy Unity 3D Course
-logFile
Logs/AssetImportWorker0.log
-srvPort
54186
Successfully changed project path to: C:/Users/Igor/Documents/GitHub/3D-Udemy-Unity-Course/Udemy Unity 3D Course
C:/Users/Igor/Documents/GitHub/3D-Udemy-Unity-Course/Udemy Unity 3D Course
Using Asset Import Pipeline V2.
Refreshing native plugins compatible for Editor in 45.20 ms, found 2 plugins.
Preloading 0 native plugins for Editor in 0.00 ms.
Initialize engine version: 2020.3.27f1 (e759542391ea)
[Subsystems] Discovering subsystems at path C:/Program Files/Unity/Hub/Editor/2020.3.27f1/Editor/Data/Resources/UnitySubsystems
[Subsystems] Discovering subsystems at path C:/Users/Igor/Documents/GitHub/3D-Udemy-Unity-Course/Udemy Unity 3D Course/Assets
GfxDevice: creating device client; threaded=0
Direct3D:
    Version:  Direct3D 11.0 [level 11.1]
    Renderer: Radeon (TM) 530 (ID=0x6900)
    Vendor:   
    VRAM:     2038 MB
    Driver:   27.20.20903.8001
Initialize mono
Mono path[0] = 'C:/Program Files/Unity/Hub/Editor/2020.3.27f1/Editor/Data/Managed'
Mono path[1] = 'C:/Program Files/Unity/Hub/Editor/2020.3.27f1/Editor/Data/MonoBleedingEdge/lib/mono/unityjit'
Mono config path = 'C:/Program Files/Unity/Hub/Editor/2020.3.27f1/Editor/Data/MonoBleedingEdge/etc'
Using monoOptions --debugger-agent=transport=dt_socket,embedding=1,server=y,suspend=n,address=127.0.0.1:56640
Begin MonoManager ReloadAssembly
Registering precompiled unity dll's ...
Register platform support module: C:/Program Files/Unity/Hub/Editor/2020.3.27f1/Editor/Data/PlaybackEngines/WebGLSupport/UnityEditor.WebGL.Extensions.dll
Register platform support module: C:/Program Files/Unity/Hub/Editor/2020.3.27f1/Editor/Data/PlaybackEngines/WindowsStandaloneSupport/UnityEditor.WindowsStandalone.Extensions.dll
Registered in 0.004886 seconds.
Native extension for WindowsStandalone target not found
Native extension for WebGL target not found
Refreshing native plugins compatible for Editor in 39.69 ms, found 2 plugins.
Preloading 0 native plugins for Editor in 0.00 ms.
Mono: successfully reloaded assembly
- Completed reload, in  0.750 seconds
Domain Reload Profiling:
	ReloadAssembly (751ms)
		BeginReloadAssembly (95ms)
			ExecutionOrderSort (0ms)
			DisableScriptedObjects (0ms)
			BackupInstance (0ms)
			ReleaseScriptingObjects (0ms)
			CreateAndSetChildDomain (1ms)
		EndReloadAssembly (559ms)
			LoadAssemblies (92ms)
			RebuildTransferFunctionScriptingTraits (0ms)
			SetupTypeCache (203ms)
			ReleaseScriptCaches (0ms)
			RebuildScriptCaches (42ms)
			SetupLoadedEditorAssemblies (197ms)
				LogAssemblyErrors (0ms)
				InitializePlatformSupportModulesInManaged (7ms)
				SetLoadedEditorAssemblies (1ms)
				RefreshPlugins (40ms)
				BeforeProcessingInitializeOnLoad (14ms)
				ProcessInitializeOnLoadAttributes (103ms)
				ProcessInitializeOnLoadMethodAttributes (33ms)
				AfterProcessingInitializeOnLoad (0ms)
				EditorAssembliesLoaded (0ms)
			ExecutionOrderSort2 (0ms)
			AwakeInstancesAfterBackupRestoration (0ms)
Platform modules already initialized, skipping
Registering precompiled user dll's ...
Registered in 0.010261 seconds.
Begin MonoManager ReloadAssembly
Native extension for WindowsStandalone target not found
Native extension for WebGL target not found
Refreshing native plugins compatible for Editor in 0.41 ms, found 2 plugins.
Preloading 0 native plugins for Editor in 0.00 ms.
Mono: successfully reloaded assembly
- Completed reload, in  1.326 seconds
Domain Reload Profiling:
	ReloadAssembly (1327ms)
		BeginReloadAssembly (209ms)
			ExecutionOrderSort (0ms)
			DisableScriptedObjects (5ms)
			BackupInstance (0ms)
			ReleaseScriptingObjects (0ms)
			CreateAndSetChildDomain (27ms)
		EndReloadAssembly (1041ms)
			LoadAssemblies (127ms)
			RebuildTransferFunctionScriptingTraits (0ms)
			SetupTypeCache (348ms)
			ReleaseScriptCaches (1ms)
			RebuildScriptCaches (72ms)
			SetupLoadedEditorAssemblies (382ms)
				LogAssemblyErrors (0ms)
				InitializePlatformSupportModulesInManaged (7ms)
				SetLoadedEditorAssemblies (1ms)
				RefreshPlugins (0ms)
				BeforeProcessingInitializeOnLoad (119ms)
				ProcessInitializeOnLoadAttributes (235ms)
				ProcessInitializeOnLoadMethodAttributes (11ms)
				AfterProcessingInitializeOnLoad (10ms)
				EditorAssembliesLoaded (1ms)
			ExecutionOrderSort2 (0ms)
			AwakeInstancesAfterBackupRestoration (12ms)
Platform modules already initialized, skipping
========================================================================
Worker process is ready to serve import requests
Launched and connected shader compiler UnityShaderCompiler.exe after 0.16 seconds
Refreshing native plugins compatible for Editor in 0.70 ms, found 2 plugins.
Preloading 0 native plugins for Editor in 0.00 ms.
Unloading 1504 Unused Serialized files (Serialized files now loaded: 0)
System memory in use before: 69.2 MB.
System memory in use after: 69.3 MB.

Unloading 19 unused Assets to reduce memory usage. Loaded Objects now: 1936.
Total: 3.196000 ms (FindLiveObjects: 0.170700 ms CreateObjectMapping: 0.052100 ms MarkObjects: 2.899200 ms  DeleteObjects: 0.072900 ms)

AssetImportParameters requested are different than current active one (requested -> active):
  custom:framework-win-MediaFoundation: 216162199b28c13a410421893ffa2e32 -> 
  custom:video-decoder-ogg-theora: a1e56fd34408186e4bbccfd4996cb3dc -> 
  custom:container-muxer-webm: aa71ff27fc2769a1b78a27578f13a17b -> 
  custom:container-demuxer-webm: 4f35f7cbe854078d1ac9338744f61a02 -> 
  custom:container-demuxer-ogg: 62fdf1f143b41e24485cea50d1cbac27 -> 
  custom:video-encoder-webm-vp8: eb34c28f22e8b96e1ab97ce403110664 -> 
  custom:video-decoder-webm-vp8: 9c59270c3fd7afecdb556c50c9e8de78 -> 
  custom:audio-decoder-ogg-vorbis: bf7c407c2cedff20999df2af8eb42d56 -> 
  custom:audio-encoder-webm-vorbis: bf7c407c2cedff20999df2af8eb42d56 -> 
========================================================================
Received Import Request.
  path: Assets/_Udemy 3D Platformer Assets/Materials/Grass.mat
  artifactKey: Guid(c773c005d4fd82042965d4ac1d4e4395) Importer(815301076,1909f56bfc062723c751e8b465ee728b)
Start importing Assets/_Udemy 3D Platformer Assets/Materials/Grass.mat using Guid(c773c005d4fd82042965d4ac1d4e4395) Importer(815301076,1909f56bfc062723c751e8b465ee728b)  -> (artifact id: '50c3ca3cfb688ed9e2308a71fd3ff105') in 0.160225 seconds 
  Import took 0.163157 seconds .

========================================================================
Received Import Request.
  Time since last request: 0.000357 seconds.
  path: Assets/_Udemy 3D Platformer Assets/Materials/Player_Eye.mat
  artifactKey: Guid(b5b7ddc9f1f045949bdbf89544c02021) Importer(815301076,1909f56bfc062723c751e8b465ee728b)
Start importing Assets/_Udemy 3D Platformer Assets/Materials/Player_Eye.mat using Guid(b5b7ddc9f1f045949bdbf89544c02021) Importer(815301076,1909f56bfc062723c751e8b465ee728b)  -> (artifact id: '97b741b624f26d774a014a6300d58752') in 0.014077 seconds 
  Import took 0.017535 seconds .

========================================================================
Received Import Request.
  Time since last request: 0.000279 seconds.
  path: Assets/_Udemy 3D Platformer Assets/Materials/CP_Light Off.mat
  artifactKey: Guid(caef6e72a31421d409c93e4c73eead58) Importer(815301076,1909f56bfc062723c751e8b465ee728b)
Start importing Assets/_Udemy 3D Platformer Assets/Materials/CP_Light Off.mat using Guid(caef6e72a31421d409c93e4c73eead58) Importer(815301076,1909f56bfc062723c751e8b465ee728b)  -> (artifact id: '8016bc851d3340139bf729920920dba0') in 0.014337 seconds 
  Import took 0.019462 seconds .

========================================================================
Received Import Request.
  Time since last request: 0.000294 seconds.
  path: Assets/_Udemy 3D Platformer Assets/Materials/GroundCold.mat
  artifactKey: Guid(dc88aa145e09a594c9a43bcc36f546ea) Importer(815301076,1909f56bfc062723c751e8b465ee728b)
Start importing Assets/_Udemy 3D Platformer Assets/Materials/GroundCold.mat using Guid(dc88aa145e09a594c9a43bcc36f546ea) Importer(815301076,1909f56bfc062723c751e8b465ee728b)  -> (artifact id: '68cd45d3abb8a6bd86d868fd371c9c1e') in 0.017862 seconds 
  Import took 0.021413 seconds .

========================================================================
Received Import Request.
  Time since last request: 0.000332 seconds.
  path: Assets/_Udemy 3D Platformer Assets/Materials/MapPoint_Edge.mat
  artifactKey: Guid(7bd3da43f9ff5bf4db24b687fb522c70) Importer(815301076,1909f56bfc062723c751e8b465ee728b)
Start importing Assets/_Udemy 3D Platformer Assets/Materials/MapPoint_Edge.mat using Guid(7bd3da43f9ff5bf4db24b687fb522c70) Importer(815301076,1909f56bfc062723c751e8b465ee728b)  -> (artifact id: '919a6a58b4912546505177cb2ea6590f') in 0.015553 seconds 
  Import took 0.019036 seconds .

========================================================================
Received Import Request.
  Time since last request: 0.000225 seconds.
  path: Assets/_Udemy 3D Platformer Assets/Materials/White.mat
  artifactKey: Guid(6c6360a1d55a18041a5190447e93570c) Importer(815301076,1909f56bfc062723c751e8b465ee728b)
Start importing Assets/_Udemy 3D Platformer Assets/Materials/White.mat using Guid(6c6360a1d55a18041a5190447e93570c) Importer(815301076,1909f56bfc062723c751e8b465ee728b)  -> (artifact id: 'b402d0bcbe7f21067910c303f2aea3c5') in 0.017777 seconds 
  Import took 0.022721 seconds .

========================================================================
Received Import Request.
  Time since last request: 0.000248 seconds.
  path: Assets/_Udemy 3D Platformer Assets/Materials/MapPoint_Center_Inactive.mat
  artifactKey: Guid(9a70384d15c6d494f80cc22870df4800) Importer(815301076,1909f56bfc062723c751e8b465ee728b)
Start importing Assets/_Udemy 3D Platformer Assets/Materials/MapPoint_Center_Inactive.mat using Guid(9a70384d15c6d494f80cc22870df4800) Importer(815301076,1909f56bfc062723c751e8b465ee728b)  -> (artifact id: '4eddb0e83020ed41b8d1ac4be74746a0') in 0.015222 seconds 
  Import took 0.018622 seconds .

========================================================================
Received Import Request.
  Time since last request: 0.000235 seconds.
  path: Assets/_Udemy 3D Platformer Assets/Materials/CP_Metal.mat
  artifactKey: Guid(e5f5a10a798c4444fb11b1227fbf58ad) Importer(815301076,1909f56bfc062723c751e8b465ee728b)
Start importing Assets/_Udemy 3D Platformer Assets/Materials/CP_Metal.mat using Guid(e5f5a10a798c4444fb11b1227fbf58ad) Importer(815301076,1909f56bfc062723c751e8b465ee728b)  -> (artifact id: '48d0d58a81121bca9dce30f5c44ec087') in 0.017223 seconds 
  Import took 0.020774 seconds .

========================================================================
Received Import Request.
  Time since last request: 0.000230 seconds.
  path: Assets/_Udemy 3D Platformer Assets/Materials/Cloud.mat
  artifactKey: Guid(aa526ad6f8190e047889ab6c139fedaf) Importer(815301076,1909f56bfc062723c751e8b465ee728b)
Start importing Assets/_Udemy 3D Platformer Assets/Materials/Cloud.mat using Guid(aa526ad6f8190e047889ab6c139fedaf) Importer(815301076,1909f56bfc062723c751e8b465ee728b)  -> (artifact id: 'f0608ac3e41b2133540297cab140d2b2') in 0.014756 seconds 
  Import took 0.018004 seconds .

========================================================================
Received Import Request.
  Time since last request: 0.000274 seconds.
  path: Assets/_Udemy 3D Platformer Assets/Materials/Player_Black.mat
  artifactKey: Guid(397c413362fc7364da7e06ede14aa944) Importer(815301076,1909f56bfc062723c751e8b465ee728b)
Start importing Assets/_Udemy 3D Platformer Assets/Materials/Player_Black.mat using Guid(397c413362fc7364da7e06ede14aa944) Importer(815301076,1909f56bfc062723c751e8b465ee728b)  -> (artifact id: '989147a08d233bab5b98c562a4c3de44') in 0.015776 seconds 
  Import took 0.018781 seconds .

========================================================================
Received Import Request.
  Time since last request: 0.000282 seconds.
  path: Assets/_Udemy 3D Platformer Assets/Materials/CP_Light On.mat
  artifactKey: Guid(9317f495ea34f7a4cae720ed298991a4) Importer(815301076,1909f56bfc062723c751e8b465ee728b)
Start importing Assets/_Udemy 3D Platformer Assets/Materials/CP_Light On.mat using Guid(9317f495ea34f7a4cae720ed298991a4) Importer(815301076,1909f56bfc062723c751e8b465ee728b)  -> (artifact id: '09677d1eb1b9e53738b83911c78bd8ef') in 0.243042 seconds 
  Import took 0.246254 seconds .

========================================================================
Received Import Request.
  Time since last request: 0.000301 seconds.
  path: Assets/_Udemy 3D Platformer Assets/Materials/GreenPipe.mat
  artifactKey: Guid(bd3955724513dfc4b88c3d0ef695b1ff) Importer(815301076,1909f56bfc062723c751e8b465ee728b)
Start importing Assets/_Udemy 3D Platformer Assets/Materials/GreenPipe.mat using Guid(bd3955724513dfc4b88c3d0ef695b1ff) Importer(815301076,1909f56bfc062723c751e8b465ee728b)  -> (artifact id: '89daa8f5de93be85a056c9b3707c5e34') in 0.012184 seconds 
  Import took 0.016003 seconds .

========================================================================
Received Import Request.
  Time since last request: 0.000290 seconds.
  path: Assets/_Udemy 3D Platformer Assets/Materials/Player_Grey.mat
  artifactKey: Guid(2364c9e0ff2e4494aa56f5dd4a5f09bd) Importer(815301076,1909f56bfc062723c751e8b465ee728b)
Start importing Assets/_Udemy 3D Platformer Assets/Materials/Player_Grey.mat using Guid(2364c9e0ff2e4494aa56f5dd4a5f09bd) Importer(815301076,1909f56bfc062723c751e8b465ee728b)  -> (artifact id: 'aa95ecb420c78df06ba6fdbac3d5c1fc') in 0.015192 seconds 
  Import took 0.019158 seconds .

========================================================================
Received Import Request.
  Time since last request: 0.000290 seconds.
  path: Assets/_Udemy 3D Platformer Assets/Materials/Snow.mat
  artifactKey: Guid(961bd2256fd6c4448a18c0b54b623bb2) Importer(815301076,1909f56bfc062723c751e8b465ee728b)
Start importing Assets/_Udemy 3D Platformer Assets/Materials/Snow.mat using Guid(961bd2256fd6c4448a18c0b54b623bb2) Importer(815301076,1909f56bfc062723c751e8b465ee728b)  -> (artifact id: '3aa0d2cf83c0f88f6e6ab1610600418b') in 0.025549 seconds 
  Import took 0.030836 seconds .

========================================================================
Received Import Request.
  Time since last request: 0.000290 seconds.
  path: Assets/_Udemy 3D Platformer Assets/Materials/Boss_Main.mat
  artifactKey: Guid(fe1454405cb412342a62a5e3d354af17) Importer(815301076,1909f56bfc062723c751e8b465ee728b)
Start importing Assets/_Udemy 3D Platformer Assets/Materials/Boss_Main.mat using Guid(fe1454405cb412342a62a5e3d354af17) Importer(815301076,1909f56bfc062723c751e8b465ee728b)  -> (artifact id: 'e2c70fbe811bef72e1c66e32fa3743b1') in 0.019112 seconds 
  Import took 0.026165 seconds .

========================================================================
Received Import Request.
  Time since last request: 0.000276 seconds.
  path: Assets/_Udemy 3D Platformer Assets/Materials/Boss_Secondary.mat
  artifactKey: Guid(4c418feed99a9ec45ae8c56305184f95) Importer(815301076,1909f56bfc062723c751e8b465ee728b)
Start importing Assets/_Udemy 3D Platformer Assets/Materials/Boss_Secondary.mat using Guid(4c418feed99a9ec45ae8c56305184f95) Importer(815301076,1909f56bfc062723c751e8b465ee728b)  -> (artifact id: '356ae9c567eb8335d381baba0ad49764') in 0.018418 seconds 
  Import took 0.022543 seconds .

========================================================================
Received Import Request.
  Time since last request: 0.000279 seconds.
  path: Assets/_Udemy 3D Platformer Assets/Materials/woodDark.mat
  artifactKey: Guid(6571e5eac78f7f346bdfe21f5754c101) Importer(815301076,1909f56bfc062723c751e8b465ee728b)
Start importing Assets/_Udemy 3D Platformer Assets/Materials/woodDark.mat using Guid(6571e5eac78f7f346bdfe21f5754c101) Importer(815301076,1909f56bfc062723c751e8b465ee728b)  -> (artifact id: 'f4849fcf4625806c881d64beb41d1529') in 0.020437 seconds 
  Import took 0.026279 seconds .

========================================================================
Received Import Request.
  Time since last request: 0.000223 seconds.
  path: Assets/_Udemy 3D Platformer Assets/Materials/metal.mat
  artifactKey: Guid(67e0751a486618c448c6a2c9aa6da18f) Importer(815301076,1909f56bfc062723c751e8b465ee728b)
Start importing Assets/_Udemy 3D Platformer Assets/Materials/metal.mat using Guid(67e0751a486618c448c6a2c9aa6da18f) Importer(815301076,1909f56bfc062723c751e8b465ee728b)  -> (artifact id: '1a16b851432d9bbd80fb7e3a85b45e1f') in 0.016956 seconds 
  Import took 0.020365 seconds .

========================================================================
Received Import Request.
  Time since last request: 0.000251 seconds.
  path: Assets/_Udemy 3D Platformer Assets/Materials/rock.mat
  artifactKey: Guid(b3e7989bdfcb040428df3ad84430b5b0) Importer(815301076,1909f56bfc062723c751e8b465ee728b)
Start importing Assets/_Udemy 3D Platformer Assets/Materials/rock.mat using Guid(b3e7989bdfcb040428df3ad84430b5b0) Importer(815301076,1909f56bfc062723c751e8b465ee728b)  -> (artifact id: 'c4791a025a0e913ebe44034a3d7bed01') in 0.013322 seconds 
  Import took 0.017518 seconds .

========================================================================
Received Import Request.
  Time since last request: 0.000319 seconds.
  path: Assets/_Udemy 3D Platformer Assets/Materials/Boss_Metal.mat
  artifactKey: Guid(256d9415726f7b047a99833695cbe396) Importer(815301076,1909f56bfc062723c751e8b465ee728b)
Start importing Assets/_Udemy 3D Platformer Assets/Materials/Boss_Metal.mat using Guid(256d9415726f7b047a99833695cbe396) Importer(815301076,1909f56bfc062723c751e8b465ee728b)  -> (artifact id: 'd34b87af32b04f4984ee1003151d7ab7') in 0.017628 seconds 
  Import took 0.021469 seconds .

========================================================================
Received Import Request.
  Time since last request: 0.000302 seconds.
  path: Assets/_Udemy 3D Platformer Assets/Materials/Bronze.mat
  artifactKey: Guid(93bbf2d3b4cfbe346bb0a3b4f8cf9dfa) Importer(815301076,1909f56bfc062723c751e8b465ee728b)
Start importing Assets/_Udemy 3D Platformer Assets/Materials/Bronze.mat using Guid(93bbf2d3b4cfbe346bb0a3b4f8cf9dfa) Importer(815301076,1909f56bfc062723c751e8b465ee728b)  -> (artifact id: '1c67360652ee5fd060e26a1d707a65f2') in 0.020196 seconds 
  Import took 0.025830 seconds .

========================================================================
Received Import Request.
  Time since last request: 0.000326 seconds.
  path: Assets/_Udemy 3D Platformer Assets/Materials/Boss_Glow.mat
  artifactKey: Guid(bb846039549dd374485f4ccbede2ad8f) Importer(815301076,1909f56bfc062723c751e8b465ee728b)
Start importing Assets/_Udemy 3D Platformer Assets/Materials/Boss_Glow.mat using Guid(bb846039549dd374485f4ccbede2ad8f) Importer(815301076,1909f56bfc062723c751e8b465ee728b)  -> (artifact id: 'f9d80e66ae09795f3db77098ecda1693') in 0.016628 seconds 
  Import took 0.020058 seconds .

========================================================================
Received Import Request.
  Time since last request: 0.000302 seconds.
  path: Assets/_Udemy 3D Platformer Assets/Materials/Gold.mat
  artifactKey: Guid(0113176fcdd0149459a7117b807353fc) Importer(815301076,1909f56bfc062723c751e8b465ee728b)
Start importing Assets/_Udemy 3D Platformer Assets/Materials/Gold.mat using Guid(0113176fcdd0149459a7117b807353fc) Importer(815301076,1909f56bfc062723c751e8b465ee728b)  -> (artifact id: '2a9d3b0c043b2a3c2b43e42f7b76dff2') in 0.017780 seconds 
  Import took 0.021972 seconds .

========================================================================
Received Import Request.
  Time since last request: 0.001342 seconds.
  path: Assets/_Udemy 3D Platformer Assets/Materials/Red.mat
  artifactKey: Guid(7aeaef2289d1f57408bfc8e4dfbc52e8) Importer(815301076,1909f56bfc062723c751e8b465ee728b)
Start importing Assets/_Udemy 3D Platformer Assets/Materials/Red.mat using Guid(7aeaef2289d1f57408bfc8e4dfbc52e8) Importer(815301076,1909f56bfc062723c751e8b465ee728b)  -> (artifact id: 'a21f1c0a29200adba571ab2cc88604f3') in 0.018416 seconds 
  Import took 0.022272 seconds .

========================================================================
Received Import Request.
  Time since last request: 0.000233 seconds.
  path: Assets/_Udemy 3D Platformer Assets/Materials/heart pickup.mat
  artifactKey: Guid(15b3bdb2f414d5b488ab5e1f2eb4a521) Importer(815301076,1909f56bfc062723c751e8b465ee728b)
Start importing Assets/_Udemy 3D Platformer Assets/Materials/heart pickup.mat using Guid(15b3bdb2f414d5b488ab5e1f2eb4a521) Importer(815301076,1909f56bfc062723c751e8b465ee728b)  -> (artifact id: 'bfd097d44ccd31130898e34a386b9aa1') in 0.016377 seconds 
  Import took 0.019386 seconds .

========================================================================
Received Import Request.
  Time since last request: 0.000309 seconds.
  path: Assets/_Udemy 3D Platformer Assets/Materials/wood.mat
  artifactKey: Guid(43e122bddb780284fb4926b349f5eb67) Importer(815301076,1909f56bfc062723c751e8b465ee728b)
Start importing Assets/_Udemy 3D Platformer Assets/Materials/wood.mat using Guid(43e122bddb780284fb4926b349f5eb67) Importer(815301076,1909f56bfc062723c751e8b465ee728b)  -> (artifact id: 'c1cc4bf03e15e8c5f41bd9518d820f39') in 0.020792 seconds 
  Import took 0.026158 seconds .

========================================================================
Received Import Request.
  Time since last request: 0.000288 seconds.
  path: Assets/_Udemy 3D Platformer Assets/Materials/MapPoint_Center_Active.mat
  artifactKey: Guid(5e3aee5074e6c9842811e32fe83061fe) Importer(815301076,1909f56bfc062723c751e8b465ee728b)
Start importing Assets/_Udemy 3D Platformer Assets/Materials/MapPoint_Center_Active.mat using Guid(5e3aee5074e6c9842811e32fe83061fe) Importer(815301076,1909f56bfc062723c751e8b465ee728b)  -> (artifact id: 'cab9b65f76f971f08f6feee9bb89728d') in 0.017846 seconds 
  Import took 0.022991 seconds .

========================================================================
Received Import Request.
  Time since last request: 0.000249 seconds.
  path: Assets/_Udemy 3D Platformer Assets/Materials/Ground.mat
  artifactKey: Guid(26fcb4e738544ce4dadc04ed6c21d4d4) Importer(815301076,1909f56bfc062723c751e8b465ee728b)
Start importing Assets/_Udemy 3D Platformer Assets/Materials/Ground.mat using Guid(26fcb4e738544ce4dadc04ed6c21d4d4) Importer(815301076,1909f56bfc062723c751e8b465ee728b)  -> (artifact id: '128ecc96dc100f87dcc232970afd554b') in 0.021463 seconds 
  Import took 0.027890 seconds .

========================================================================
Received Import Request.
  Time since last request: 0.000467 seconds.
  path: Assets/_Udemy 3D Platformer Assets/Materials/Player_Main.mat
  artifactKey: Guid(06e885128aa1a59489bc7cf05f756eb9) Importer(815301076,1909f56bfc062723c751e8b465ee728b)
Start importing Assets/_Udemy 3D Platformer Assets/Materials/Player_Main.mat using Guid(06e885128aa1a59489bc7cf05f756eb9) Importer(815301076,1909f56bfc062723c751e8b465ee728b)  -> (artifact id: '47bfdb251a22386b09991088d5471b73') in 0.019288 seconds 
  Import took 0.024508 seconds .

========================================================================
Received Prepare
Registering precompiled user dll's ...
Registered in 0.008434 seconds.
Begin MonoManager ReloadAssembly
Native extension for WindowsStandalone target not found
Native extension for WebGL target not found
Refreshing native plugins compatible for Editor in 0.47 ms, found 2 plugins.
Preloading 0 native plugins for Editor in 0.00 ms.
Mono: successfully reloaded assembly
- Completed reload, in  1.546 seconds
Domain Reload Profiling:
	ReloadAssembly (1547ms)
		BeginReloadAssembly (251ms)
			ExecutionOrderSort (0ms)
			DisableScriptedObjects (8ms)
			BackupInstance (0ms)
			ReleaseScriptingObjects (0ms)
			CreateAndSetChildDomain (82ms)
		EndReloadAssembly (1183ms)
			LoadAssemblies (182ms)
			RebuildTransferFunctionScriptingTraits (0ms)
			SetupTypeCache (407ms)
			ReleaseScriptCaches (1ms)
			RebuildScriptCaches (72ms)
			SetupLoadedEditorAssemblies (421ms)
				LogAssemblyErrors (0ms)
				InitializePlatformSupportModulesInManaged (9ms)
				SetLoadedEditorAssemblies (1ms)
				RefreshPlugins (1ms)
				BeforeProcessingInitializeOnLoad (122ms)
				ProcessInitializeOnLoadAttributes (268ms)
				ProcessInitializeOnLoadMethodAttributes (10ms)
				AfterProcessingInitializeOnLoad (10ms)
				EditorAssembliesLoaded (0ms)
			ExecutionOrderSort2 (0ms)
			AwakeInstancesAfterBackupRestoration (7ms)
Platform modules already initialized, skipping
Refreshing native plugins compatible for Editor in 0.44 ms, found 2 plugins.
Preloading 0 native plugins for Editor in 0.00 ms.
Unloading 1498 Unused Serialized files (Serialized files now loaded: 0)
System memory in use before: 72.5 MB.
System memory in use after: 72.6 MB.

Unloading 14 unused Assets to reduce memory usage. Loaded Objects now: 1978.
Total: 3.165900 ms (FindLiveObjects: 0.183000 ms CreateObjectMapping: 0.048700 ms MarkObjects: 2.908200 ms  DeleteObjects: 0.022800 ms)

AssetImportParameters requested are different than current active one (requested -> active):
  custom:framework-win-MediaFoundation: 216162199b28c13a410421893ffa2e32 -> 
  custom:video-decoder-ogg-theora: a1e56fd34408186e4bbccfd4996cb3dc -> 
  custom:container-muxer-webm: aa71ff27fc2769a1b78a27578f13a17b -> 
  custom:container-demuxer-webm: 4f35f7cbe854078d1ac9338744f61a02 -> 
  custom:container-demuxer-ogg: 62fdf1f143b41e24485cea50d1cbac27 -> 
  custom:video-encoder-webm-vp8: eb34c28f22e8b96e1ab97ce403110664 -> 
  custom:video-decoder-webm-vp8: 9c59270c3fd7afecdb556c50c9e8de78 -> 
  custom:audio-decoder-ogg-vorbis: bf7c407c2cedff20999df2af8eb42d56 -> 
  custom:audio-encoder-webm-vorbis: bf7c407c2cedff20999df2af8eb42d56 -> 
AssetImportWorkerClient::OnTransportError - code=2 error=End of file
