Using pre-set license
Built from '2020.3/staging' branch; Version is '2020.3.26f1 (7298b473bc1a) revision 7510196'; Using compiler version '192528614'; Build Type 'Release'
OS: 'Windows 10  (10.0.19044) 64bit CoreSingleLanguage' Language: 'pt' Physical Memory: 8089 MB
BatchMode: 1, IsHumanControllingUs: 0, StartBugReporterOnCrash: 0, Is64bit: 1, IsPro: 0

COMMAND LINE ARGUMENTS:
C:\Program Files\Unity\Hub\Editor\2020.3.26f1\Editor\Unity.exe
-adb2
-batchMode
-noUpm
-name
AssetImportWorker0
-projectPath
C:/Users/Igor/Documents/GitHub/3D-Udemy-Unity-Course/My project
-logFile
Logs/AssetImportWorker0.log
-srvPort
64351
Successfully changed project path to: C:/Users/Igor/Documents/GitHub/3D-Udemy-Unity-Course/My project
C:/Users/Igor/Documents/GitHub/3D-Udemy-Unity-Course/My project
Using Asset Import Pipeline V2.
Refreshing native plugins compatible for Editor in 51.39 ms, found 2 plugins.
Preloading 0 native plugins for Editor in 0.00 ms.
Initialize engine version: 2020.3.26f1 (7298b473bc1a)
[Subsystems] Discovering subsystems at path C:/Program Files/Unity/Hub/Editor/2020.3.26f1/Editor/Data/Resources/UnitySubsystems
[Subsystems] Discovering subsystems at path C:/Users/Igor/Documents/GitHub/3D-Udemy-Unity-Course/My project/Assets
GfxDevice: creating device client; threaded=0
Direct3D:
    Version:  Direct3D 11.0 [level 11.1]
    Renderer: Radeon (TM) 530 (ID=0x6900)
    Vendor:   
    VRAM:     2038 MB
    Driver:   27.20.20903.8001
Initialize mono
Mono path[0] = 'C:/Program Files/Unity/Hub/Editor/2020.3.26f1/Editor/Data/Managed'
Mono path[1] = 'C:/Program Files/Unity/Hub/Editor/2020.3.26f1/Editor/Data/MonoBleedingEdge/lib/mono/unityjit'
Mono config path = 'C:/Program Files/Unity/Hub/Editor/2020.3.26f1/Editor/Data/MonoBleedingEdge/etc'
Using monoOptions --debugger-agent=transport=dt_socket,embedding=1,server=y,suspend=n,address=127.0.0.1:56456
Begin MonoManager ReloadAssembly
Registering precompiled unity dll's ...
Register platform support module: C:/Program Files/Unity/Hub/Editor/2020.3.26f1/Editor/Data/PlaybackEngines/WebGLSupport/UnityEditor.WebGL.Extensions.dll
Register platform support module: C:/Program Files/Unity/Hub/Editor/2020.3.26f1/Editor/Data/PlaybackEngines/WindowsStandaloneSupport/UnityEditor.WindowsStandalone.Extensions.dll
Registered in 0.003602 seconds.
Native extension for WindowsStandalone target not found
Native extension for WebGL target not found
Refreshing native plugins compatible for Editor in 37.79 ms, found 2 plugins.
Preloading 0 native plugins for Editor in 0.00 ms.
Mono: successfully reloaded assembly
- Completed reload, in  0.816 seconds
Domain Reload Profiling:
	ReloadAssembly (817ms)
		BeginReloadAssembly (88ms)
			ExecutionOrderSort (0ms)
			DisableScriptedObjects (0ms)
			BackupInstance (0ms)
			ReleaseScriptingObjects (0ms)
			CreateAndSetChildDomain (1ms)
		EndReloadAssembly (636ms)
			LoadAssemblies (85ms)
			RebuildTransferFunctionScriptingTraits (0ms)
			SetupTypeCache (238ms)
			ReleaseScriptCaches (0ms)
			RebuildScriptCaches (47ms)
			SetupLoadedEditorAssemblies (235ms)
				LogAssemblyErrors (0ms)
				InitializePlatformSupportModulesInManaged (8ms)
				SetLoadedEditorAssemblies (0ms)
				RefreshPlugins (38ms)
				BeforeProcessingInitializeOnLoad (16ms)
				ProcessInitializeOnLoadAttributes (132ms)
				ProcessInitializeOnLoadMethodAttributes (40ms)
				AfterProcessingInitializeOnLoad (0ms)
				EditorAssembliesLoaded (0ms)
			ExecutionOrderSort2 (0ms)
			AwakeInstancesAfterBackupRestoration (0ms)
Platform modules already initialized, skipping
Registering precompiled user dll's ...
Registered in 0.009996 seconds.
Begin MonoManager ReloadAssembly
Native extension for WindowsStandalone target not found
Native extension for WebGL target not found
Refreshing native plugins compatible for Editor in 0.38 ms, found 2 plugins.
Preloading 0 native plugins for Editor in 0.00 ms.
Mono: successfully reloaded assembly
- Completed reload, in  1.383 seconds
Domain Reload Profiling:
	ReloadAssembly (1384ms)
		BeginReloadAssembly (181ms)
			ExecutionOrderSort (0ms)
			DisableScriptedObjects (6ms)
			BackupInstance (0ms)
			ReleaseScriptingObjects (0ms)
			CreateAndSetChildDomain (24ms)
		EndReloadAssembly (1126ms)
			LoadAssemblies (111ms)
			RebuildTransferFunctionScriptingTraits (0ms)
			SetupTypeCache (346ms)
			ReleaseScriptCaches (0ms)
			RebuildScriptCaches (62ms)
			SetupLoadedEditorAssemblies (476ms)
				LogAssemblyErrors (0ms)
				InitializePlatformSupportModulesInManaged (9ms)
				SetLoadedEditorAssemblies (1ms)
				RefreshPlugins (0ms)
				BeforeProcessingInitializeOnLoad (135ms)
				ProcessInitializeOnLoadAttributes (301ms)
				ProcessInitializeOnLoadMethodAttributes (15ms)
				AfterProcessingInitializeOnLoad (14ms)
				EditorAssembliesLoaded (0ms)
			ExecutionOrderSort2 (0ms)
			AwakeInstancesAfterBackupRestoration (9ms)
Platform modules already initialized, skipping
========================================================================
Worker process is ready to serve import requests
Launched and connected shader compiler UnityShaderCompiler.exe after 0.07 seconds
Refreshing native plugins compatible for Editor in 0.50 ms, found 2 plugins.
Preloading 0 native plugins for Editor in 0.00 ms.
Unloading 1503 Unused Serialized files (Serialized files now loaded: 0)
System memory in use before: 67.5 MB.
System memory in use after: 67.6 MB.

Unloading 19 unused Assets to reduce memory usage. Loaded Objects now: 1935.
Total: 2.969800 ms (FindLiveObjects: 0.140900 ms CreateObjectMapping: 0.053400 ms MarkObjects: 2.703400 ms  DeleteObjects: 0.070900 ms)

AssetImportParameters requested are different than current active one (requested -> active):
  custom:framework-win-MediaFoundation: 216162199b28c13a410421893ffa2e32 -> 
  custom:video-decoder-ogg-theora: a1e56fd34408186e4bbccfd4996cb3dc -> 
  custom:container-muxer-webm: aa71ff27fc2769a1b78a27578f13a17b -> 
  custom:container-demuxer-webm: 4f35f7cbe854078d1ac9338744f61a02 -> 
  custom:container-demuxer-ogg: 62fdf1f143b41e24485cea50d1cbac27 -> 
  custom:video-encoder-webm-vp8: eb34c28f22e8b96e1ab97ce403110664 -> 
  custom:video-decoder-webm-vp8: 9c59270c3fd7afecdb556c50c9e8de78 -> 
  custom:audio-decoder-ogg-vorbis: bf7c407c2cedff20999df2af8eb42d56 -> 
  custom:audio-encoder-webm-vorbis: bf7c407c2cedff20999df2af8eb42d56 -> 
========================================================================
Received Import Request.
  path: Assets
  artifactKey: Guid(00000000000000001000000000000000) Importer(815301076,1909f56bfc062723c751e8b465ee728b)
Start importing Assets using Guid(00000000000000001000000000000000) Importer(815301076,1909f56bfc062723c751e8b465ee728b)  -> (artifact id: '42d402b061de3733987d63b9cc3b64de') in 0.006198 seconds 
  Import took 0.009097 seconds .

========================================================================
Received Import Request.
  Time since last request: 1225.641153 seconds.
  path: Assets/_Udemy 3D Platformer Assets
  artifactKey: Guid(139ea02d4fe48c94fbf6d2d6488c7215) Importer(815301076,1909f56bfc062723c751e8b465ee728b)
Start importing Assets/_Udemy 3D Platformer Assets using Guid(139ea02d4fe48c94fbf6d2d6488c7215) Importer(815301076,1909f56bfc062723c751e8b465ee728b)  -> (artifact id: '318c5a0519a74dec10a0ad62b03d0823') in 0.012258 seconds 
  Import took 0.025887 seconds .

========================================================================
Received Import Request.
  Time since last request: 4.886117 seconds.
  path: Assets/_Udemy 3D Platformer Assets/Models
  artifactKey: Guid(63314bcfe3dfe7249ac3d8818f5b7ca2) Importer(815301076,1909f56bfc062723c751e8b465ee728b)
Start importing Assets/_Udemy 3D Platformer Assets/Models using Guid(63314bcfe3dfe7249ac3d8818f5b7ca2) Importer(815301076,1909f56bfc062723c751e8b465ee728b)  -> (artifact id: '30d08df38b788f4d92bd18801f67ed90') in 0.007357 seconds 
  Import took 0.011712 seconds .

========================================================================
Received Import Request.
  Time since last request: 4.141756 seconds.
  path: Assets/_Udemy 3D Platformer Assets/Models/Objects
  artifactKey: Guid(ba589f3398a22294e85286a6615e3d78) Importer(815301076,1909f56bfc062723c751e8b465ee728b)
Start importing Assets/_Udemy 3D Platformer Assets/Models/Objects using Guid(ba589f3398a22294e85286a6615e3d78) Importer(815301076,1909f56bfc062723c751e8b465ee728b)  -> (artifact id: 'db881b9af598b3aa9e4a57ddb2972562') in 0.004124 seconds 
  Import took 0.009939 seconds .

========================================================================
Received Import Request.
  Time since last request: 7.757224 seconds.
  path: Assets/_Udemy 3D Platformer Assets/UI
  artifactKey: Guid(70a35e4f494503d4e8618c96ffe31a5a) Importer(815301076,1909f56bfc062723c751e8b465ee728b)
Start importing Assets/_Udemy 3D Platformer Assets/UI using Guid(70a35e4f494503d4e8618c96ffe31a5a) Importer(815301076,1909f56bfc062723c751e8b465ee728b)  -> (artifact id: '477f739d3ee4045ae0ac1813e5be45b4') in 0.003580 seconds 
  Import took 0.006880 seconds .

========================================================================
Received Import Request.
  Time since last request: 0.067743 seconds.
  path: Assets/_Udemy 3D Platformer Assets/UI/Coin_Icon.png
  artifactKey: Guid(eb079aed390677445b58ec6a607663b3) Importer(815301076,1909f56bfc062723c751e8b465ee728b)
Start importing Assets/_Udemy 3D Platformer Assets/UI/Coin_Icon.png using Guid(eb079aed390677445b58ec6a607663b3) Importer(815301076,1909f56bfc062723c751e8b465ee728b)  -> (artifact id: 'c103e0cd9dca665022f83ecc6bfbb552') in 0.256603 seconds 
  Import took 0.260573 seconds .

========================================================================
Received Import Request.
  Time since last request: 0.000271 seconds.
  path: Assets/_Udemy 3D Platformer Assets/UI/health_Bar_5.png
  artifactKey: Guid(9704dbb03d7288b4e9f0e15525db38d1) Importer(815301076,1909f56bfc062723c751e8b465ee728b)
Start importing Assets/_Udemy 3D Platformer Assets/UI/health_Bar_5.png using Guid(9704dbb03d7288b4e9f0e15525db38d1) Importer(815301076,1909f56bfc062723c751e8b465ee728b)  -> (artifact id: '5a01565ad532b9dc8f47c7acd57f6163') in 0.038800 seconds 
  Import took 0.043350 seconds .

========================================================================
Received Import Request.
  Time since last request: 0.001648 seconds.
  path: Assets/_Udemy 3D Platformer Assets/UI/health_Bar_1.png
  artifactKey: Guid(2cb4fab580a856740ac7727d6f58fbc5) Importer(815301076,1909f56bfc062723c751e8b465ee728b)
Start importing Assets/_Udemy 3D Platformer Assets/UI/health_Bar_1.png using Guid(2cb4fab580a856740ac7727d6f58fbc5) Importer(815301076,1909f56bfc062723c751e8b465ee728b)  -> (artifact id: '847594d14f1c39ada6bea24c96887af1') in 0.024409 seconds 
  Import took 0.034252 seconds .

========================================================================
Received Import Request.
  Time since last request: 0.000349 seconds.
  path: Assets/_Udemy 3D Platformer Assets/UI/health_Bar_4.png
  artifactKey: Guid(1992c93d4dd214b43a695ef454a4ed60) Importer(815301076,1909f56bfc062723c751e8b465ee728b)
Start importing Assets/_Udemy 3D Platformer Assets/UI/health_Bar_4.png using Guid(1992c93d4dd214b43a695ef454a4ed60) Importer(815301076,1909f56bfc062723c751e8b465ee728b)  -> (artifact id: 'f7eda6bdc9556c49aa95456f7f66f4d8') in 0.036286 seconds 
  Import took 0.043352 seconds .

========================================================================
Received Import Request.
  Time since last request: 0.000500 seconds.
  path: Assets/_Udemy 3D Platformer Assets/UI/health_Bar_2.png
  artifactKey: Guid(d010abe148e1a034988978c77c14b098) Importer(815301076,1909f56bfc062723c751e8b465ee728b)
Start importing Assets/_Udemy 3D Platformer Assets/UI/health_Bar_2.png using Guid(d010abe148e1a034988978c77c14b098) Importer(815301076,1909f56bfc062723c751e8b465ee728b)  -> (artifact id: 'fd921060a29e48312d65f07082819009') in 0.037874 seconds 
  Import took 0.047541 seconds .

========================================================================
Received Import Request.
  Time since last request: 0.000417 seconds.
  path: Assets/_Udemy 3D Platformer Assets/UI/UI_Menus_Button_Normal.png
  artifactKey: Guid(dbaa9cf322791fc4e85570cdacc2c235) Importer(815301076,1909f56bfc062723c751e8b465ee728b)
Start importing Assets/_Udemy 3D Platformer Assets/UI/UI_Menus_Button_Normal.png using Guid(dbaa9cf322791fc4e85570cdacc2c235) Importer(815301076,1909f56bfc062723c751e8b465ee728b)  -> (artifact id: 'dab6d1b0ffe1f56a11b54a8f21ecb25f') in 0.029509 seconds 
  Import took 0.035120 seconds .

========================================================================
Received Import Request.
  Time since last request: 0.000317 seconds.
  path: Assets/_Udemy 3D Platformer Assets/UI/health_Bar_3.png
  artifactKey: Guid(498e1f9b5f6220b4c9610d65d4ae5aed) Importer(815301076,1909f56bfc062723c751e8b465ee728b)
Start importing Assets/_Udemy 3D Platformer Assets/UI/health_Bar_3.png using Guid(498e1f9b5f6220b4c9610d65d4ae5aed) Importer(815301076,1909f56bfc062723c751e8b465ee728b)  -> (artifact id: 'f5f7da495f571303f7396faedfecd586') in 0.040779 seconds 
  Import took 0.049766 seconds .

========================================================================
Received Import Request.
  Time since last request: 0.000445 seconds.
  path: Assets/_Udemy 3D Platformer Assets/UI/UI_Menus_Panel.png
  artifactKey: Guid(900a0d3ce1e4e9f409ce154717cda047) Importer(815301076,1909f56bfc062723c751e8b465ee728b)
Start importing Assets/_Udemy 3D Platformer Assets/UI/UI_Menus_Panel.png using Guid(900a0d3ce1e4e9f409ce154717cda047) Importer(815301076,1909f56bfc062723c751e8b465ee728b)  -> (artifact id: '54c0e4090ccdc0243fa751ea31f82fb4') in 0.028961 seconds 
  Import took 0.040719 seconds .

========================================================================
Received Import Request.
  Time since last request: 0.000432 seconds.
  path: Assets/_Udemy 3D Platformer Assets/UI/UI_Menus_Button_Pressed.png
  artifactKey: Guid(59d8d26b57e72dc4e94b77f37de3520e) Importer(815301076,1909f56bfc062723c751e8b465ee728b)
Start importing Assets/_Udemy 3D Platformer Assets/UI/UI_Menus_Button_Pressed.png using Guid(59d8d26b57e72dc4e94b77f37de3520e) Importer(815301076,1909f56bfc062723c751e8b465ee728b)  -> (artifact id: '099215e94eb7ccffaabedd55787b08b6') in 0.034954 seconds 
  Import took 0.041125 seconds .

========================================================================
Received Import Request.
  Time since last request: 0.000510 seconds.
  path: Assets/_Udemy 3D Platformer Assets/UI/UI_Menus_Button_Hovered.png
  artifactKey: Guid(55a7d27f53aadf24aa1f2ebffa2a840f) Importer(815301076,1909f56bfc062723c751e8b465ee728b)
Start importing Assets/_Udemy 3D Platformer Assets/UI/UI_Menus_Button_Hovered.png using Guid(55a7d27f53aadf24aa1f2ebffa2a840f) Importer(815301076,1909f56bfc062723c751e8b465ee728b)  -> (artifact id: '21af4f45ce40149c8c7342c957b4f4ac') in 0.028480 seconds 
  Import took 0.041028 seconds .

========================================================================
Received Import Request.
  Time since last request: 8.160603 seconds.
  path: Assets/_Udemy 3D Platformer Assets/Models/Player
  artifactKey: Guid(0135d60af0c78a448b979a7476240a7d) Importer(815301076,1909f56bfc062723c751e8b465ee728b)
Start importing Assets/_Udemy 3D Platformer Assets/Models/Player using Guid(0135d60af0c78a448b979a7476240a7d) Importer(815301076,1909f56bfc062723c751e8b465ee728b)  -> (artifact id: '7aa2b789da33fbaef766f70569b3e8c7') in 0.003392 seconds 
  Import took 0.010147 seconds .

========================================================================
Received Import Request.
  Time since last request: 0.103288 seconds.
  path: Assets/_Udemy 3D Platformer Assets/Models/Player/R0BB13.prefab
  artifactKey: Guid(73372dc632d43aa4eb43610c78ce94b5) Importer(815301076,1909f56bfc062723c751e8b465ee728b)
Start importing Assets/_Udemy 3D Platformer Assets/Models/Player/R0BB13.prefab using Guid(73372dc632d43aa4eb43610c78ce94b5) Importer(815301076,1909f56bfc062723c751e8b465ee728b)  -> (artifact id: '0ac872e0c95a10330404605e8a630938') in 0.619790 seconds 
  Import took 0.623030 seconds .

========================================================================
Received Import Request.
  Time since last request: 2.733325 seconds.
  path: Assets/_Udemy 3D Platformer Assets/Models/Player/Raw
  artifactKey: Guid(a0143addfbda8004abea86726299fcff) Importer(815301076,1909f56bfc062723c751e8b465ee728b)
Start importing Assets/_Udemy 3D Platformer Assets/Models/Player/Raw using Guid(a0143addfbda8004abea86726299fcff) Importer(815301076,1909f56bfc062723c751e8b465ee728b)  -> (artifact id: 'e0c391c6c11023f55a8e712e51b9e87d') in 0.002944 seconds 
  Import took 0.007136 seconds .

========================================================================
Received Import Request.
  Time since last request: 0.088540 seconds.
  path: Assets/_Udemy 3D Platformer Assets/Models/Player/Raw/Robot.fbx
  artifactKey: Guid(ddc15bb3e02cfc14d9c995b980d6b225) Importer(815301076,1909f56bfc062723c751e8b465ee728b)
Start importing Assets/_Udemy 3D Platformer Assets/Models/Player/Raw/Robot.fbx using Guid(ddc15bb3e02cfc14d9c995b980d6b225) Importer(815301076,1909f56bfc062723c751e8b465ee728b)  -> (artifact id: '6cdc91639984e429de66eb98475141c0') in 0.184954 seconds 
  Import took 0.188833 seconds .

AssetImportWorkerClient::OnTransportError - code=2 error=End of file
